2025-10-07T03:45:25: 
> jbinverters@0.1.0 start
> next start

2025-10-07T03:45:26: 2025-10-07T03:45:26: 2025-10-07T03:45:26: 2025-10-07T03:45:26: 
> jbinverters@0.1.0 start
> next start

2025-10-07T03:45:27: 2025-10-07T03:45:27: 2025-10-07T03:45:27: 2025-10-07T03:45:27: 
> jbinverters@0.1.0 start
> next start

2025-10-07T03:45:27: 2025-10-07T03:45:27: 2025-10-07T03:45:27: 2025-10-07T03:45:28: 
> jbinverters@0.1.0 start
> next start

2025-10-07T03:45:28: 2025-10-07T03:45:28: 2025-10-07T03:45:28: 2025-10-07T03:45:28: 
> jbinverters@0.1.0 start
> next start

2025-10-07T03:45:29: 2025-10-07T03:45:29: 2025-10-07T03:45:29: 2025-10-07T03:45:29: 
> jbinverters@0.1.0 start
> next start

2025-10-07T03:45:30: 2025-10-07T03:45:30: 2025-10-07T03:45:30: 
> jbinverters@0.1.0 start
> next start

2025-10-07T03:45:31: 2025-10-07T03:45:31: 2025-10-07T03:45:31: 2025-10-07T03:45:31: 
> jbinverters@0.1.0 start
> next start

2025-10-07T03:45:32: 2025-10-07T03:45:32: 2025-10-07T03:45:32: 2025-10-07T03:45:32: 
> jbinverters@0.1.0 start
> next start

2025-10-07T03:45:32: 2025-10-07T03:45:32: 2025-10-07T03:45:32: 2025-10-07T03:45:33: 
> jbinverters@0.1.0 start
> next start

2025-10-07T03:45:33: 2025-10-07T03:45:33: 2025-10-07T03:45:33: 2025-10-07T03:45:33: 
> jbinverters@0.1.0 start
> next start

2025-10-07T03:45:34: 2025-10-07T03:45:34: 2025-10-07T03:45:34: 2025-10-07T03:45:34: 
> jbinverters@0.1.0 start
> next start

2025-10-07T03:45:35: 2025-10-07T03:45:35: 2025-10-07T03:45:35: 2025-10-07T03:45:35: 
> jbinverters@0.1.0 start
> next start

2025-10-07T03:45:36: 2025-10-07T03:45:36: 2025-10-07T03:45:36: 2025-10-07T03:45:36: 
> jbinverters@0.1.0 start
> next start

2025-10-07T03:45:37: 2025-10-07T03:45:37: 2025-10-07T03:45:37: 2025-10-07T03:45:37: 
> jbinverters@0.1.0 start
> next start

2025-10-07T03:45:37: 2025-10-07T03:45:37: 2025-10-07T03:45:37: 2025-10-07T03:45:38: 
> jbinverters@0.1.0 start
> next start

2025-10-07T03:45:38: 2025-10-07T03:45:38: 2025-10-07T03:45:38: 2025-10-07T04:00:41: 
> jbinverters@0.1.0 start
> next start

2025-10-07T17:19:23: 2025-10-07T17:19:23: 2025-10-07T17:19:23: 2025-10-07T17:19:23: 
> jbinverters@0.1.0 start
> next start

2025-10-07T17:19:24: 2025-10-07T17:19:24: 2025-10-07T17:19:24: 2025-10-07T17:19:24: 
> jbinverters@0.1.0 start
> next start

2025-10-07T17:19:25: 2025-10-07T17:19:25: 2025-10-07T17:19:25: 2025-10-07T17:19:25: 
> jbinverters@0.1.0 start
> next start

2025-10-07T17:19:26: 2025-10-07T17:19:26: 2025-10-07T17:19:26: 2025-10-07T17:19:26: 
> jbinverters@0.1.0 start
> next start

2025-10-07T17:19:27: 2025-10-07T17:19:27: 2025-10-07T17:19:27: 2025-10-07T17:19:27: 
> jbinverters@0.1.0 start
> next start

2025-10-07T17:19:27: 2025-10-07T17:19:27: 2025-10-07T17:19:27: 2025-10-07T17:19:28: 
> jbinverters@0.1.0 start
> next start

2025-10-07T17:19:28: 2025-10-07T17:19:28: 2025-10-07T17:19:28: 2025-10-07T17:19:28: 
> jbinverters@0.1.0 start
> next start

2025-10-07T17:19:29: 2025-10-07T17:19:29: 2025-10-07T17:19:29: 2025-10-07T17:19:29: 
> jbinverters@0.1.0 start
> next start

2025-10-07T17:19:30: 2025-10-07T17:19:30: 2025-10-07T17:19:30: 2025-10-07T17:19:30: 
> jbinverters@0.1.0 start
> next start

2025-10-07T17:19:31: 2025-10-07T17:19:31: 2025-10-07T17:19:31: 2025-10-07T17:19:31: 
> jbinverters@0.1.0 start
> next start

2025-10-07T17:19:32: 2025-10-07T17:19:32: 2025-10-07T17:19:32: 2025-10-07T17:19:32: 
> jbinverters@0.1.0 start
> next start

2025-10-07T17:19:33: 2025-10-07T17:19:33: 2025-10-07T17:19:33: 2025-10-07T17:19:33: 
> jbinverters@0.1.0 start
> next start

2025-10-07T17:19:33: 2025-10-07T17:19:33: 2025-10-07T17:19:33: 2025-10-07T17:19:34: 
> jbinverters@0.1.0 start
> next start

2025-10-07T17:19:34: 2025-10-07T17:19:34: 2025-10-07T17:19:34: 2025-10-07T17:19:34: 
> jbinverters@0.1.0 start
> next start

2025-10-07T17:19:35: 2025-10-07T17:19:35: 2025-10-07T17:19:35: 2025-10-07T17:19:35: 
> jbinverters@0.1.0 start
> next start

2025-10-07T17:19:36: 2025-10-07T17:19:36: 2025-10-07T17:19:36: 2025-10-07T17:19:36: 
> jbinverters@0.1.0 start
> next start

2025-10-07T17:19:37: 2025-10-07T17:19:37: 2025-10-07T17:19:37: 2025-10-07T17:19:37: 
> jbinverters@0.1.0 start
> next start

2025-10-07T17:19:38: 2025-10-07T17:19:38: 2025-10-07T17:19:38: 2025-10-07T17:19:38: 
> jbinverters@0.1.0 start
> next start

2025-10-07T17:19:38: 2025-10-07T17:19:38: 2025-10-07T17:19:38: 2025-10-07T17:19:39: 
> jbinverters@0.1.0 start
> next start

2025-10-07T17:19:39: 2025-10-07T17:19:39: 2025-10-07T17:19:39: 
> jbinverters@0.1.0 start
> next start

2025-10-07T17:19:40: 2025-10-07T17:19:40: 2025-10-07T17:19:40: 2025-10-07T17:19:40: 
> jbinverters@0.1.0 start
> next start

2025-10-07T17:19:41: 2025-10-07T17:19:41: 2025-10-07T17:19:41: 2025-10-07T17:19:41: 
> jbinverters@0.1.0 start
> next start

2025-10-07T17:19:42: 2025-10-07T17:19:42: 2025-10-07T17:19:42: 2025-10-07T17:19:42: 
> jbinverters@0.1.0 start
> next start

2025-10-07T17:19:43: 2025-10-07T17:19:43: 2025-10-07T17:19:43: 2025-10-07T17:19:43: 
> jbinverters@0.1.0 start
> next start

2025-10-07T17:19:43: 2025-10-07T17:19:43: 2025-10-07T17:19:44: 
> jbinverters@0.1.0 start
> next start

2025-10-07T17:19:44: 2025-10-07T17:19:44: 2025-10-07T17:19:44: 2025-10-07T17:19:44: 
> jbinverters@0.1.0 start
> next start

2025-10-07T17:19:45: 2025-10-07T17:19:45: 2025-10-07T17:19:45: 2025-10-07T17:19:45: 
> jbinverters@0.1.0 start
> next start

2025-10-07T17:19:46: 2025-10-07T17:19:46: 2025-10-07T17:19:46: 2025-10-07T17:19:46: 
> jbinverters@0.1.0 start
> next start

2025-10-07T17:19:47: 2025-10-07T17:19:47: 2025-10-07T17:19:47: 2025-10-07T17:19:47: 
> jbinverters@0.1.0 start
> next start

2025-10-07T17:19:47: 2025-10-07T17:19:47: 2025-10-07T17:19:47: 2025-10-07T17:19:47: 
> jbinverters@0.1.0 start
> next start

2025-10-07T17:19:48: 2025-10-07T17:19:48: 2025-10-07T17:19:48: 
> jbinverters@0.1.0 start
> next start

2025-10-07T17:19:48: 2025-10-07T17:19:48: 2025-10-07T17:19:48: 2025-10-07T17:19:48: 
> jbinverters@0.1.0 start
> next start

2025-10-07T17:19:49: 2025-10-07T17:19:49: 2025-10-07T17:19:49: 2025-10-07T17:19:49: 
> jbinverters@0.1.0 start
> next start

2025-10-07T17:19:49: 2025-10-07T17:19:49: 2025-10-07T17:19:49: 2025-10-07T17:19:49: 
> jbinverters@0.1.0 start
> next start

2025-10-07T17:19:50: 2025-10-07T17:19:50: 2025-10-07T17:19:50: 2025-10-07T17:19:50: 
> jbinverters@0.1.0 start
> next start

2025-10-07T17:19:50: 2025-10-07T17:19:50: 2025-10-07T17:19:50: 2025-10-07T17:19:50: 
> jbinverters@0.1.0 start
> next start

2025-10-07T17:19:51: 2025-10-07T17:19:51: 2025-10-07T17:19:51: 2025-10-07T17:19:51: 
> jbinverters@0.1.0 start
> next start

2025-10-07T17:19:51: 2025-10-07T17:19:51: 2025-10-07T17:19:51: 2025-10-07T17:19:51: 
> jbinverters@0.1.0 start
> next start

2025-10-07T17:19:51: 2025-10-07T17:19:51: 2025-10-07T17:19:51: 2025-10-07T17:19:52: 
> jbinverters@0.1.0 start
> next start

2025-10-07T17:19:52: 2025-10-07T17:19:52: 2025-10-07T17:19:52: 2025-10-07T17:19:52: 
> jbinverters@0.1.0 start
> next start

2025-10-07T17:19:52: 2025-10-07T17:19:52: 2025-10-07T17:19:52: 2025-10-07T17:19:53: 
> jbinverters@0.1.0 start
> next start

2025-10-07T17:19:53: 2025-10-07T17:19:53: 2025-10-07T17:19:53: 2025-10-07T17:19:53: 
> jbinverters@0.1.0 start
> next start

2025-10-07T17:19:53: 2025-10-07T17:19:53: 2025-10-07T17:19:53: 2025-10-07T17:19:54: 
> jbinverters@0.1.0 start
> next start

2025-10-07T17:19:54: 2025-10-07T17:19:54: 2025-10-07T17:19:54: 2025-10-07T17:19:54: 
> jbinverters@0.1.0 start
> next start

2025-10-07T17:19:54: 2025-10-07T17:19:54: 2025-10-07T17:19:54: 2025-10-07T17:19:55: 
> jbinverters@0.1.0 start
> next start

2025-10-07T17:19:55: 2025-10-07T17:19:55: 2025-10-07T17:19:55: 2025-10-07T17:19:55: 
> jbinverters@0.1.0 start
> next start

2025-10-07T17:19:55: 2025-10-07T17:19:55: 2025-10-07T17:19:55: 2025-10-07T17:19:56: 
> jbinverters@0.1.0 start
> next start

2025-10-07T17:19:56: 2025-10-07T17:19:56: 2025-10-07T17:19:56: 2025-10-07T17:19:56: 
> jbinverters@0.1.0 start
> next start

2025-10-07T17:19:57: 2025-10-07T17:19:57: 2025-10-07T17:19:57: 
> jbinverters@0.1.0 start
> next start

2025-10-07T17:19:57: 2025-10-07T17:19:57: 2025-10-07T17:19:57: 2025-10-07T17:19:57: 
> jbinverters@0.1.0 start
> next start

2025-10-07T17:19:58: 2025-10-07T17:19:58: 2025-10-07T17:19:58: 2025-10-07T17:19:58: 
> jbinverters@0.1.0 start
> next start

2025-10-07T17:19:58: 2025-10-07T17:19:58: 2025-10-07T17:19:58: 2025-10-07T17:19:58: 
> jbinverters@0.1.0 start
> next start

2025-10-07T17:19:59: 2025-10-07T17:19:59: 2025-10-07T17:19:59: 2025-10-07T17:19:59: 
> jbinverters@0.1.0 start
> next start

2025-10-07T17:19:59: 2025-10-07T17:19:59: 2025-10-07T17:19:59: 2025-10-07T17:19:59: 
> jbinverters@0.1.0 start
> next start

2025-10-07T17:20:00: 2025-10-07T17:20:00: 2025-10-07T17:20:00: 2025-10-07T17:20:00: 
> jbinverters@0.1.0 start
> next start

2025-10-07T17:20:00: 2025-10-07T17:20:00: 2025-10-07T17:20:00: 2025-10-07T17:20:00: 
> jbinverters@0.1.0 start
> next start

2025-10-07T17:20:01: 2025-10-07T17:20:01: 2025-10-07T17:20:01: 2025-10-07T17:20:01: 
> jbinverters@0.1.0 start
> next start

2025-10-07T17:20:01: 2025-10-07T17:20:01: 2025-10-07T17:20:01: 
> jbinverters@0.1.0 start
> next start

2025-10-07T17:20:02: 2025-10-07T17:20:02: 
> jbinverters@0.1.0 start
> next start

2025-10-07T17:20:02: 2025-10-07T17:20:02: 2025-10-07T17:20:02: 2025-10-07T17:20:02: 
> jbinverters@0.1.0 start
> next start

2025-10-07T17:20:03: 2025-10-07T17:20:03: 2025-10-07T17:20:03: 
> jbinverters@0.1.0 start
> next start

2025-10-07T17:20:03: 2025-10-07T17:20:03: 2025-10-07T17:20:03: 2025-10-07T17:20:03: 
> jbinverters@0.1.0 start
> next start

2025-10-07T17:20:04: 2025-10-07T17:20:04: 2025-10-07T17:20:04: 2025-10-07T17:20:04: 
> jbinverters@0.1.0 start
> next start

2025-10-07T17:20:04: 2025-10-07T17:20:04: 2025-10-07T17:20:04: 
> jbinverters@0.1.0 start
> next start

2025-10-07T17:20:05: 2025-10-07T17:20:05: 2025-10-07T17:20:05: 2025-10-07T17:20:05: 
> jbinverters@0.1.0 start
> next start

2025-10-07T17:20:05: 2025-10-07T17:20:05: 2025-10-07T17:20:05: 2025-10-07T17:20:05: 
> jbinverters@0.1.0 start
> next start

2025-10-07T17:20:05: 2025-10-07T17:20:05: 2025-10-07T17:20:05: 2025-10-07T17:20:06: 
> jbinverters@0.1.0 start
> next start

2025-10-07T17:20:06: 2025-10-07T17:20:06: 2025-10-07T17:20:06: 2025-10-07T17:20:06: 
> jbinverters@0.1.0 start
> next start

2025-10-07T17:20:06: 2025-10-07T17:20:06: 2025-10-07T17:20:06: 2025-10-07T17:20:07: 
> jbinverters@0.1.0 start
> next start

2025-10-07T17:20:07: 2025-10-07T17:20:07: 2025-10-07T17:20:07: 2025-10-07T17:20:07: 
> jbinverters@0.1.0 start
> next start

2025-10-07T17:20:07: 2025-10-07T17:20:07: 2025-10-07T17:20:07: 2025-10-07T17:20:08: 
> jbinverters@0.1.0 start
> next start

2025-10-07T17:20:08: 2025-10-07T17:20:08: 2025-10-07T17:20:08: 2025-10-07T17:20:08: 
> jbinverters@0.1.0 start
> next start

2025-10-07T17:20:08: 2025-10-07T17:20:08: 2025-10-07T17:20:09: 
> jbinverters@0.1.0 start
> next start

2025-10-07T17:20:09: 2025-10-07T17:20:09: 2025-10-07T17:20:09: 
> jbinverters@0.1.0 start
> next start

2025-10-07T17:20:09: 2025-10-07T17:20:09: 2025-10-07T17:20:09: 2025-10-07T17:20:09: 
> jbinverters@0.1.0 start
> next start

2025-10-07T17:20:10: 2025-10-07T17:20:10: 2025-10-07T17:20:10: 2025-10-07T17:20:10: 
> jbinverters@0.1.0 start
> next start

2025-10-07T17:20:10: 2025-10-07T17:20:10: 2025-10-07T17:20:10: 
> jbinverters@0.1.0 start
> next start

2025-10-07T17:20:11: 2025-10-07T17:20:11: 2025-10-07T17:20:11: 
> jbinverters@0.1.0 start
> next start

2025-10-07T17:20:11: 2025-10-07T17:20:11: 2025-10-07T17:20:11: 2025-10-07T17:20:11: 
> jbinverters@0.1.0 start
> next start

2025-10-07T17:20:12: 2025-10-07T17:20:12: 2025-10-07T17:20:12: 2025-10-07T17:20:12: 
> jbinverters@0.1.0 start
> next start

2025-10-07T17:20:12: 2025-10-07T17:20:12: 2025-10-07T17:20:12: 2025-10-07T17:20:12: 
> jbinverters@0.1.0 start
> next start

2025-10-07T17:20:13: 2025-10-07T17:20:13: 2025-10-07T17:20:13: 
> jbinverters@0.1.0 start
> next start

2025-10-07T17:20:13: 2025-10-07T17:20:13: 2025-10-07T17:20:13: 2025-10-07T17:20:13: 
> jbinverters@0.1.0 start
> next start

2025-10-07T17:20:14: 2025-10-07T17:20:14: 2025-10-07T17:20:14: 2025-10-07T17:20:14: 
> jbinverters@0.1.0 start
> next start

2025-10-07T17:20:14: 2025-10-07T17:20:14: 2025-10-07T17:20:14: 2025-10-07T17:20:14: 
> jbinverters@0.1.0 start
> next start

2025-10-07T17:20:14: 2025-10-07T17:20:14: 2025-10-07T17:20:14: 2025-10-07T17:20:15: 
> jbinverters@0.1.0 start
> next start

2025-10-07T17:20:15: 2025-10-07T17:20:15: 2025-10-07T17:20:15: 2025-10-07T17:20:15: 
> jbinverters@0.1.0 start
> next start

2025-10-07T17:20:15: 2025-10-07T17:20:15: 2025-10-07T17:20:15: 2025-10-07T17:20:16: 
> jbinverters@0.1.0 start
> next start

2025-10-07T17:20:16: 2025-10-07T17:20:16: 2025-10-07T17:20:16: 2025-10-07T17:20:16: 
> jbinverters@0.1.0 start
> next start

2025-10-07T17:20:16: 2025-10-07T17:20:16: 2025-10-07T17:20:16: 2025-10-07T17:20:17: 
> jbinverters@0.1.0 start
> next start

2025-10-07T17:20:17: 2025-10-07T17:20:17: 2025-10-07T17:20:17: 
> jbinverters@0.1.0 start
> next start

2025-10-07T17:20:17: 2025-10-07T17:20:17: 2025-10-07T17:20:17: 2025-10-07T17:20:18: 
> jbinverters@0.1.0 start
> next start

2025-10-07T17:20:18: 2025-10-07T17:20:18: 2025-10-07T17:20:18: 2025-10-07T17:20:18: 
> jbinverters@0.1.0 start
> next start

2025-10-07T17:20:18: 2025-10-07T17:20:18: 2025-10-07T17:20:18: 2025-10-07T17:20:19: 
> jbinverters@0.1.0 start
> next start

2025-10-07T17:20:19: 2025-10-07T17:20:19: 2025-10-07T17:20:19: 2025-10-07T17:20:19: 
> jbinverters@0.1.0 start
> next start

2025-10-07T17:20:19: 2025-10-07T17:20:19: 2025-10-07T17:20:19: 2025-10-07T17:20:20: 
> jbinverters@0.1.0 start
> next start

2025-10-07T17:20:20: 2025-10-07T17:20:20: 2025-10-07T17:20:20: 2025-10-07T17:20:20: 
> jbinverters@0.1.0 start
> next start

2025-10-07T17:20:20: 2025-10-07T17:20:20: 2025-10-07T17:20:20: 2025-10-07T17:20:20: 
> jbinverters@0.1.0 start
> next start

2025-10-07T17:20:21: 2025-10-07T17:20:21: 2025-10-07T17:20:21: 2025-10-07T17:20:21: 
> jbinverters@0.1.0 start
> next start

2025-10-07T17:20:21: 2025-10-07T17:20:21: 2025-10-07T17:20:21: 2025-10-07T17:20:21: 
> jbinverters@0.1.0 start
> next start

2025-10-07T17:20:22: 2025-10-07T17:20:22: 2025-10-07T17:20:22: 
> jbinverters@0.1.0 start
> next start

2025-10-07T17:20:22: 2025-10-07T17:20:22: 2025-10-07T17:20:22: 2025-10-07T17:20:22: 
> jbinverters@0.1.0 start
> next start

2025-10-07T17:20:23: 2025-10-07T17:20:23: 2025-10-07T17:20:23: 2025-10-07T17:20:23: 
> jbinverters@0.1.0 start
> next start

2025-10-07T17:20:23: 2025-10-07T17:20:23: 2025-10-07T17:20:23: 
> jbinverters@0.1.0 start
> next start

2025-10-07T17:20:24: 2025-10-07T17:20:24: 2025-10-07T17:20:24: 2025-10-07T17:20:24: 
> jbinverters@0.1.0 start
> next start

2025-10-07T17:20:24: 2025-10-07T17:20:24: 2025-10-07T17:20:24: 2025-10-07T17:20:24: 
> jbinverters@0.1.0 start
> next start

2025-10-07T17:20:25: 2025-10-07T17:20:25: 2025-10-07T17:20:25: 2025-10-07T17:20:25: 
> jbinverters@0.1.0 start
> next start

2025-10-07T17:20:25: 2025-10-07T17:20:25: 2025-10-07T17:20:25: 2025-10-07T17:20:25: 
> jbinverters@0.1.0 start
> next start

2025-10-07T17:20:25: 2025-10-07T17:20:25: 2025-10-07T17:20:25: 2025-10-07T17:20:26: 
> jbinverters@0.1.0 start
> next start

2025-10-07T17:20:26: 2025-10-07T17:20:26: 2025-10-07T17:20:26: 2025-10-07T17:20:26: 
> jbinverters@0.1.0 start
> next start

2025-10-07T17:20:26: 2025-10-07T17:20:26: 2025-10-07T17:20:26: 2025-10-07T17:20:27: 
> jbinverters@0.1.0 start
> next start

2025-10-07T17:20:27: 2025-10-07T17:20:27: 2025-10-07T17:20:27: 
> jbinverters@0.1.0 start
> next start

2025-10-07T17:20:27: 2025-10-07T17:20:27: 2025-10-07T17:20:27: 2025-10-07T17:20:28: 
> jbinverters@0.1.0 start
> next start

2025-10-07T17:20:28: 2025-10-07T17:20:28: 2025-10-07T17:20:28: 2025-10-07T17:20:28: 
> jbinverters@0.1.0 start
> next start

2025-10-07T17:20:28: 2025-10-07T17:20:28: 2025-10-07T17:20:29: 
> jbinverters@0.1.0 start
> next start

2025-10-07T17:20:29: 2025-10-07T17:20:29: 2025-10-07T17:20:29: 2025-10-07T17:20:29: 
> jbinverters@0.1.0 start
> next start

2025-10-07T17:20:29: 2025-10-07T17:20:29: 2025-10-07T17:20:29: 2025-10-07T17:20:29: 
> jbinverters@0.1.0 start
> next start

2025-10-07T17:20:30: 2025-10-07T17:20:30: 2025-10-07T17:20:30: 2025-10-07T17:20:30: 
> jbinverters@0.1.0 start
> next start

2025-10-07T17:20:30: 2025-10-07T17:20:30: 2025-10-07T17:20:30: 2025-10-07T17:20:30: 
> jbinverters@0.1.0 start
> next start

2025-10-07T17:20:31: 2025-10-07T17:20:31: 2025-10-07T17:20:31: 
> jbinverters@0.1.0 start
> next start

2025-10-07T17:20:31: 2025-10-07T17:20:31: 2025-10-07T17:20:31: 2025-10-07T17:20:31: 
> jbinverters@0.1.0 start
> next start

2025-10-07T17:20:32: 2025-10-07T17:20:32: 2025-10-07T17:20:32: 2025-10-07T17:20:32: 
> jbinverters@0.1.0 start
> next start

2025-10-07T17:20:32: 2025-10-07T17:20:32: 2025-10-07T17:20:32: 2025-10-07T17:20:32: 
> jbinverters@0.1.0 start
> next start

2025-10-07T17:20:33: 2025-10-07T17:20:33: 2025-10-07T17:20:33: 2025-10-07T17:20:33: 
> jbinverters@0.1.0 start
> next start

2025-10-07T17:20:33: 2025-10-07T17:20:33: 2025-10-07T17:20:33: 2025-10-07T17:20:33: 
> jbinverters@0.1.0 start
> next start

2025-10-07T17:20:33: 2025-10-07T17:20:33: 2025-10-07T17:20:34: 
> jbinverters@0.1.0 start
> next start

2025-10-07T17:20:34: 2025-10-07T17:20:34: 2025-10-07T17:20:34: 
> jbinverters@0.1.0 start
> next start

2025-10-07T17:20:34: 2025-10-07T17:20:34: 2025-10-07T17:20:34: 2025-10-07T17:20:35: 
> jbinverters@0.1.0 start
> next start

2025-10-07T17:20:35: 2025-10-07T17:20:35: 2025-10-07T17:20:35: 2025-10-07T17:20:35: 
> jbinverters@0.1.0 start
> next start

2025-10-07T17:20:35: 2025-10-07T17:20:35: 2025-10-07T17:20:36: 
> jbinverters@0.1.0 start
> next start

2025-10-07T17:20:36: 2025-10-07T17:20:36: 2025-10-07T17:20:36: 
> jbinverters@0.1.0 start
> next start

2025-10-07T17:20:36: 2025-10-07T17:20:36: 2025-10-07T17:20:36: 2025-10-07T17:20:37: 
> jbinverters@0.1.0 start
> next start

2025-10-07T17:20:37: 2025-10-07T17:20:37: 2025-10-07T17:20:37: 2025-10-07T17:20:37: 
> jbinverters@0.1.0 start
> next start

2025-10-07T17:20:37: 2025-10-07T17:20:37: 2025-10-07T17:20:37: 2025-10-07T17:20:38: 
> jbinverters@0.1.0 start
> next start

2025-10-07T17:20:38: 2025-10-07T17:20:38: 2025-10-07T17:20:38: 2025-10-07T17:20:38: 
> jbinverters@0.1.0 start
> next start

2025-10-07T17:20:38: 2025-10-07T17:20:38: 2025-10-07T17:20:38: 2025-10-07T17:20:38: 
> jbinverters@0.1.0 start
> next start

2025-10-07T17:20:39: 2025-10-07T17:20:39: 2025-10-07T17:20:39: 2025-10-07T17:20:39: 
> jbinverters@0.1.0 start
> next start

2025-10-07T17:20:39: 2025-10-07T17:20:39: 2025-10-07T17:20:39: 
> jbinverters@0.1.0 start
> next start

2025-10-07T17:20:40: 2025-10-07T17:20:40: 2025-10-07T17:20:40: 
> jbinverters@0.1.0 start
> next start

2025-10-07T17:20:40: 2025-10-07T17:20:40: 2025-10-07T17:20:40: 
> jbinverters@0.1.0 start
> next start

2025-10-07T17:20:41: 2025-10-07T17:20:41: 2025-10-07T17:20:41: 
> jbinverters@0.1.0 start
> next start

2025-10-07T17:20:41: 2025-10-07T17:20:41: 2025-10-07T17:20:41: 2025-10-07T17:20:41: 
> jbinverters@0.1.0 start
> next start

2025-10-07T17:20:42: 2025-10-07T17:20:42: 2025-10-07T17:20:42: 2025-10-07T17:20:42: 
> jbinverters@0.1.0 start
> next start

2025-10-07T17:20:42: 2025-10-07T17:20:42: 2025-10-07T17:20:42: 2025-10-07T17:20:42: 
> jbinverters@0.1.0 start
> next start

2025-10-07T17:20:43: 2025-10-07T17:20:43: 2025-10-07T17:20:43: 
> jbinverters@0.1.0 start
> next start

2025-10-07T17:20:43: 2025-10-07T17:20:43: 2025-10-07T17:20:43: 
> jbinverters@0.1.0 start
> next start

2025-10-07T17:20:43: 2025-10-07T17:20:43: 2025-10-07T17:20:43: 2025-10-07T17:20:44: 
> jbinverters@0.1.0 start
> next start

2025-10-07T17:20:44: 2025-10-07T17:20:44: 2025-10-07T17:20:44: 2025-10-07T17:20:44: 
> jbinverters@0.1.0 start
> next start

2025-10-07T17:20:44: 2025-10-07T17:20:44: 2025-10-07T17:20:44: 2025-10-07T17:20:45: 
> jbinverters@0.1.0 start
> next start

2025-10-07T17:20:45: 2025-10-07T17:20:45: 2025-10-07T17:20:45: 
> jbinverters@0.1.0 start
> next start

2025-10-07T17:20:45: 2025-10-07T17:20:45: 2025-10-07T17:20:46: 
> jbinverters@0.1.0 start
> next start

2025-10-07T17:20:46: 2025-10-07T17:20:46: 2025-10-07T17:20:46: 2025-10-07T17:20:46: 
> jbinverters@0.1.0 start
> next start

2025-10-07T17:20:46: 2025-10-07T17:20:46: 2025-10-07T17:20:46: 2025-10-07T17:20:47: 
> jbinverters@0.1.0 start
> next start

2025-10-07T17:20:47: 2025-10-07T17:20:47: 2025-10-07T17:20:47: 
> jbinverters@0.1.0 start
> next start

2025-10-07T17:20:47: 2025-10-07T17:20:47: 2025-10-07T17:20:47: 
> jbinverters@0.1.0 start
> next start

2025-10-07T17:20:48: 2025-10-07T17:20:48: 2025-10-07T17:20:48: 2025-10-07T17:20:48: 
> jbinverters@0.1.0 start
> next start

2025-10-07T17:20:48: 2025-10-07T17:20:48: 2025-10-07T17:20:48: 
> jbinverters@0.1.0 start
> next start

2025-10-07T17:20:49: 2025-10-07T17:20:49: 2025-10-07T17:20:49: 2025-10-07T17:20:49: 
> jbinverters@0.1.0 start
> next start

2025-10-07T17:20:49: 2025-10-07T17:20:49: 2025-10-07T17:20:49: 2025-10-07T17:20:49: 
> jbinverters@0.1.0 start
> next start

2025-10-07T17:20:50: 2025-10-07T17:20:50: 2025-10-07T17:20:50: 2025-10-07T17:20:50: 
> jbinverters@0.1.0 start
> next start

2025-10-07T17:20:50: 2025-10-07T17:20:50: 2025-10-07T17:20:50: 2025-10-07T17:20:50: 
> jbinverters@0.1.0 start
> next start

2025-10-07T17:20:51: 2025-10-07T17:20:51: 2025-10-07T17:20:51: 2025-10-07T17:20:51: 
> jbinverters@0.1.0 start
> next start

2025-10-07T17:20:51: 2025-10-07T17:20:51: 2025-10-07T17:20:51: 2025-10-07T17:20:51: 
> jbinverters@0.1.0 start
> next start

2025-10-07T17:20:52: 2025-10-07T17:20:52: 2025-10-07T17:20:52: 2025-10-07T17:20:52: 
> jbinverters@0.1.0 start
> next start

2025-10-07T17:20:52: 2025-10-07T17:20:52: 2025-10-07T17:20:52: 
> jbinverters@0.1.0 start
> next start

2025-10-07T17:20:52: 2025-10-07T17:20:52: 2025-10-07T17:20:53: 
> jbinverters@0.1.0 start
> next start

2025-10-07T17:20:53: 2025-10-07T17:20:53: 2025-10-07T17:20:53: 2025-10-07T17:20:53: 
> jbinverters@0.1.0 start
> next start

2025-10-07T17:20:53: 2025-10-07T17:20:53: 2025-10-07T17:20:53: 2025-10-07T17:20:54: 
> jbinverters@0.1.0 start
> next start

2025-10-07T17:20:54: 2025-10-07T17:20:54: 2025-10-07T17:20:54: 2025-10-07T17:20:54: 
> jbinverters@0.1.0 start
> next start

2025-10-07T17:20:54: 2025-10-07T17:20:54: 2025-10-07T17:20:55: 
> jbinverters@0.1.0 start
> next start

2025-10-07T17:20:55: 2025-10-07T17:20:55: 2025-10-07T17:20:55: 2025-10-07T17:20:55: 
> jbinverters@0.1.0 start
> next start

2025-10-07T17:20:55: 2025-10-07T17:20:55: 2025-10-07T17:20:55: 2025-10-07T17:20:56: 
> jbinverters@0.1.0 start
> next start

2025-10-07T17:20:56: 2025-10-07T17:20:56: 2025-10-07T17:20:56: 2025-10-07T17:20:56: 
> jbinverters@0.1.0 start
> next start

2025-10-07T17:20:56: 2025-10-07T17:20:56: 2025-10-07T17:20:56: 2025-10-07T17:20:57: 
> jbinverters@0.1.0 start
> next start

2025-10-07T17:20:57: 2025-10-07T17:20:57: 2025-10-07T17:20:57: 2025-10-07T17:20:57: 
> jbinverters@0.1.0 start
> next start

2025-10-07T17:20:57: 2025-10-07T17:20:57: 2025-10-07T17:20:57: 
> jbinverters@0.1.0 start
> next start

2025-10-07T17:20:58: 2025-10-07T17:20:58: 2025-10-07T17:20:58: 2025-10-07T17:20:58: 
> jbinverters@0.1.0 start
> next start

2025-10-07T17:20:58: 2025-10-07T17:20:58: 2025-10-07T17:20:58: 2025-10-07T17:20:58: 
> jbinverters@0.1.0 start
> next start

2025-10-07T17:20:59: 2025-10-07T17:20:59: 2025-10-07T17:20:59: 2025-10-07T17:20:59: 
> jbinverters@0.1.0 start
> next start

2025-10-07T17:20:59: 2025-10-07T17:20:59: 2025-10-07T17:20:59: 
> jbinverters@0.1.0 start
> next start

2025-10-07T17:21:10: 
> jbinverters@0.1.0 start
> next start

2025-10-07T17:21:11: 2025-10-07T17:21:11: 2025-10-07T17:21:11: 
> jbinverters@0.1.0 start
> next start

2025-10-07T17:21:12: 2025-10-07T17:21:12: 2025-10-07T17:21:12: 2025-10-07T17:21:12: 
> jbinverters@0.1.0 start
> next start

2025-10-07T17:21:12: 2025-10-07T17:21:12: 2025-10-07T17:21:12: 2025-10-07T17:21:12: 
> jbinverters@0.1.0 start
> next start

2025-10-07T17:21:13: 2025-10-07T17:21:13: 2025-10-07T17:21:13: 2025-10-07T17:21:13: 
> jbinverters@0.1.0 start
> next start

2025-10-07T17:21:14: 2025-10-07T17:21:14: 2025-10-07T17:21:14: 2025-10-07T17:21:14: 
> jbinverters@0.1.0 start
> next start

2025-10-07T17:21:15: 2025-10-07T17:21:15: 2025-10-07T17:21:15: 2025-10-07T17:21:15: 
> jbinverters@0.1.0 start
> next start

2025-10-07T17:21:16: 2025-10-07T17:21:16: 2025-10-07T17:21:16: 2025-10-07T17:21:16: 
> jbinverters@0.1.0 start
> next start

2025-10-07T17:21:16: 2025-10-07T17:21:16: 2025-10-07T17:21:17: 
> jbinverters@0.1.0 start
> next start

2025-10-07T17:21:17: 2025-10-07T17:21:17: 2025-10-07T17:21:17: 2025-10-07T17:21:17: 
> jbinverters@0.1.0 start
> next start

2025-10-07T17:21:18: 2025-10-07T17:21:18: 2025-10-07T17:21:18: 2025-10-07T17:21:18: 
> jbinverters@0.1.0 start
> next start

2025-10-07T17:21:19: 2025-10-07T17:21:19: 2025-10-07T17:21:19: 2025-10-07T17:21:19: 
> jbinverters@0.1.0 start
> next start

2025-10-07T17:21:20: 2025-10-07T17:21:20: 2025-10-07T17:21:20: 2025-10-07T17:21:20: 
> jbinverters@0.1.0 start
> next start

2025-10-07T17:21:21: 2025-10-07T17:21:21: 2025-10-07T17:21:21: 2025-10-07T17:21:21: 
> jbinverters@0.1.0 start
> next start

2025-10-07T17:21:21: 2025-10-07T17:21:21: 2025-10-07T17:21:22: 
> jbinverters@0.1.0 start
> next start

2025-10-07T17:21:22: 2025-10-07T17:21:22: 2025-10-07T17:21:22: 
> jbinverters@0.1.0 start
> next start

2025-10-07T17:21:23: 2025-10-07T17:21:23: 2025-10-07T17:21:23: 2025-10-07T17:21:23: 
> jbinverters@0.1.0 start
> next start

2025-10-07T17:21:24: 2025-10-07T17:21:24: 2025-10-07T17:21:24: 2025-10-07T17:21:24: 
> jbinverters@0.1.0 start
> next start

2025-10-07T17:21:25: 2025-10-07T17:21:25: 2025-10-07T17:21:25: 2025-10-07T17:21:25: 
> jbinverters@0.1.0 start
> next start

2025-10-07T17:21:26: 2025-10-07T17:21:26: 2025-10-07T17:21:26: 2025-10-07T17:21:26: 
> jbinverters@0.1.0 start
> next start

2025-10-07T17:21:26: 2025-10-07T17:21:26: 2025-10-07T17:21:26: 2025-10-07T17:21:27: 
> jbinverters@0.1.0 start
> next start

2025-10-07T17:21:27: 2025-10-07T17:21:27: 2025-10-07T17:21:27: 2025-10-07T17:21:27: 
> jbinverters@0.1.0 start
> next start

2025-10-07T17:21:28: 2025-10-07T17:21:28: 2025-10-07T17:21:28: 2025-10-07T17:21:28: 
> jbinverters@0.1.0 start
> next start

2025-10-07T17:21:29: 2025-10-07T17:21:29: 2025-10-07T17:21:29: 2025-10-07T17:21:29: 
> jbinverters@0.1.0 start
> next start

2025-10-07T17:21:30: 2025-10-07T17:21:30: 2025-10-07T17:21:30: 2025-10-07T17:21:30: 
> jbinverters@0.1.0 start
> next start

2025-10-07T17:21:31: 2025-10-07T17:21:31: 2025-10-07T17:21:31: 2025-10-07T17:21:31: 
> jbinverters@0.1.0 start
> next start

2025-10-07T17:21:31: 2025-10-07T17:21:31: 2025-10-07T17:21:31: 2025-10-07T17:21:32: 
> jbinverters@0.1.0 start
> next start

2025-10-07T17:21:32: 2025-10-07T17:21:32: 2025-10-07T17:21:32: 2025-10-07T17:21:32: 
> jbinverters@0.1.0 start
> next start

2025-10-07T17:21:33: 2025-10-07T17:21:33: 2025-10-07T17:21:33: 
> jbinverters@0.1.0 start
> next start

2025-10-07T17:21:34: 2025-10-07T17:21:34: 2025-10-07T17:21:34: 2025-10-07T17:21:34: 
> jbinverters@0.1.0 start
> next start

2025-10-07T17:21:35: 2025-10-07T17:21:35: 2025-10-07T17:21:35: 2025-10-07T17:21:35: 
> jbinverters@0.1.0 start
> next start

2025-10-07T17:21:35: 2025-10-07T17:21:35: 2025-10-07T17:21:35: 2025-10-07T17:21:36: 
> jbinverters@0.1.0 start
> next start

2025-10-07T17:21:36: 2025-10-07T17:21:36: 2025-10-07T17:21:37: 
> jbinverters@0.1.0 start
> next start

2025-10-07T17:21:37: 2025-10-07T17:21:37: 2025-10-07T17:21:37: 
> jbinverters@0.1.0 start
> next start

2025-10-07T17:21:38: 2025-10-07T17:21:38: 2025-10-07T17:21:38: 2025-10-07T17:21:38: 
> jbinverters@0.1.0 start
> next start

2025-10-07T17:21:39: 2025-10-07T17:21:39: 2025-10-07T17:21:39: 2025-10-07T17:21:39: 
> jbinverters@0.1.0 start
> next start

2025-10-07T17:21:40: 2025-10-07T17:21:40: 2025-10-07T17:21:40: 2025-10-07T17:21:40: 
> jbinverters@0.1.0 start
> next start

2025-10-07T17:21:41: 2025-10-07T17:21:41: 2025-10-07T17:21:41: 2025-10-07T17:21:41: 
> jbinverters@0.1.0 start
> next start

2025-10-07T17:21:41: 2025-10-07T17:21:41: 2025-10-07T17:21:41: 2025-10-07T17:21:42: 
> jbinverters@0.1.0 start
> next start

2025-10-07T17:21:42: 2025-10-07T17:21:42: 2025-10-07T17:21:42: 2025-10-07T17:21:42: 
> jbinverters@0.1.0 start
> next start

2025-10-07T17:21:43: 2025-10-07T17:21:43: 2025-10-07T17:21:43: 2025-10-07T17:21:43: 
> jbinverters@0.1.0 start
> next start

2025-10-07T17:21:44: 2025-10-07T17:21:44: 2025-10-07T17:21:44: 2025-10-07T17:21:44: 
> jbinverters@0.1.0 start
> next start

2025-10-07T17:21:45: 2025-10-07T17:21:45: 2025-10-07T17:21:45: 
> jbinverters@0.1.0 start
> next start

2025-10-07T17:21:45: 2025-10-07T17:21:45: 2025-10-07T17:21:45: 2025-10-07T17:21:46: 
> jbinverters@0.1.0 start
> next start

2025-10-07T17:21:46: 2025-10-07T17:21:46: 2025-10-07T17:21:46: 2025-10-07T17:21:46: 
> jbinverters@0.1.0 start
> next start

2025-10-07T17:21:47: 2025-10-07T17:21:47: 2025-10-07T17:21:47: 2025-10-07T17:21:47: 
> jbinverters@0.1.0 start
> next start

2025-10-07T17:21:48: 2025-10-07T17:21:48: 2025-10-07T17:21:48: 2025-10-07T17:21:48: 
> jbinverters@0.1.0 start
> next start

2025-10-07T17:21:49: 2025-10-07T17:21:49: 2025-10-07T17:21:49: 2025-10-07T17:21:49: 
> jbinverters@0.1.0 start
> next start

2025-10-07T17:21:50: 2025-10-07T17:21:50: 2025-10-07T17:21:50: 2025-10-07T17:21:50: 
> jbinverters@0.1.0 start
> next start

2025-10-07T17:21:50: 2025-10-07T17:21:50: 2025-10-07T17:21:50: 2025-10-07T17:21:51: 
> jbinverters@0.1.0 start
> next start

2025-10-07T17:21:51: 2025-10-07T17:21:51: 2025-10-07T17:21:51: 2025-10-07T17:21:52: 
> jbinverters@0.1.0 start
> next start

2025-10-07T17:21:52: 2025-10-07T17:21:52: 2025-10-07T17:21:52: 2025-10-07T17:21:52: 
> jbinverters@0.1.0 start
> next start

2025-10-07T17:21:53: 2025-10-07T17:21:53: 2025-10-07T17:21:53: 
> jbinverters@0.1.0 start
> next start

2025-10-07T17:21:54: 2025-10-07T17:21:54: 2025-10-07T17:21:54: 
> jbinverters@0.1.0 start
> next start

2025-10-07T17:21:55: 2025-10-07T17:21:55: 2025-10-07T17:21:55: 2025-10-07T17:21:55: 
> jbinverters@0.1.0 start
> next start

2025-10-07T17:21:56: 2025-10-07T17:21:56: 2025-10-07T17:21:56: 2025-10-07T17:21:56: 
> jbinverters@0.1.0 start
> next start

2025-10-07T17:21:56: 2025-10-07T17:21:56: 2025-10-07T17:21:56: 2025-10-07T17:21:57: 
> jbinverters@0.1.0 start
> next start

2025-10-07T17:21:57: 2025-10-07T17:21:57: 2025-10-07T17:21:57: 2025-10-07T17:21:57: 
> jbinverters@0.1.0 start
> next start

2025-10-07T17:21:58: 2025-10-07T17:21:58: 2025-10-07T17:21:58: 2025-10-07T17:21:58: 
> jbinverters@0.1.0 start
> next start

2025-10-07T17:21:59: 2025-10-07T17:21:59: 2025-10-07T17:21:59: 2025-10-07T17:21:59: 
> jbinverters@0.1.0 start
> next start

2025-10-07T17:22:00: 2025-10-07T17:22:00: 2025-10-07T17:22:00: 2025-10-07T17:22:00: 
> jbinverters@0.1.0 start
> next start

2025-10-07T17:22:00: 2025-10-07T17:22:00: 2025-10-07T17:22:00: 2025-10-07T17:22:01: 
> jbinverters@0.1.0 start
> next start

2025-10-07T17:22:01: 2025-10-07T17:22:01: 2025-10-07T17:22:01: 2025-10-07T17:22:02: 
> jbinverters@0.1.0 start
> next start

2025-10-07T17:22:02: 2025-10-07T17:22:02: 2025-10-07T17:22:02: 
> jbinverters@0.1.0 start
> next start

2025-10-07T17:22:03: 2025-10-07T17:22:03: 2025-10-07T17:22:03: 2025-10-07T17:22:03: 
> jbinverters@0.1.0 start
> next start

2025-10-07T17:22:04: 2025-10-07T17:22:04: 2025-10-07T17:22:04: 2025-10-07T17:22:04: 
> jbinverters@0.1.0 start
> next start

2025-10-07T17:22:05: 2025-10-07T17:22:05: 2025-10-07T17:22:05: 2025-10-07T17:22:05: 
> jbinverters@0.1.0 start
> next start

2025-10-07T17:22:06: 2025-10-07T17:22:06: 2025-10-07T17:22:06: 
> jbinverters@0.1.0 start
> next start

2025-10-07T17:22:06: 2025-10-07T17:22:06: 2025-10-07T17:22:06: 2025-10-07T17:22:07: 
> jbinverters@0.1.0 start
> next start

2025-10-07T17:22:07: 2025-10-07T17:22:07: 2025-10-07T17:22:07: 2025-10-07T17:22:07: 
> jbinverters@0.1.0 start
> next start

2025-10-07T17:22:08: 2025-10-07T17:22:08: 2025-10-07T17:22:08: 2025-10-07T17:22:08: 
> jbinverters@0.1.0 start
> next start

2025-10-07T17:22:09: 2025-10-07T17:22:09: 2025-10-07T17:22:09: 2025-10-07T17:22:09: 
> jbinverters@0.1.0 start
> next start

2025-10-07T17:22:10: 2025-10-07T17:22:10: 2025-10-07T17:22:10: 2025-10-07T17:22:10: 
> jbinverters@0.1.0 start
> next start

2025-10-07T17:22:11: 2025-10-07T17:22:11: 2025-10-07T17:22:11: 2025-10-07T17:22:11: 
> jbinverters@0.1.0 start
> next start

2025-10-07T17:22:11: 2025-10-07T17:22:11: 2025-10-07T17:22:11: 2025-10-07T17:22:12: 
> jbinverters@0.1.0 start
> next start

2025-10-07T17:22:12: 2025-10-07T17:22:12: 2025-10-07T17:22:12: 2025-10-07T17:22:12: 
> jbinverters@0.1.0 start
> next start

2025-10-07T17:22:13: 2025-10-07T17:22:13: 2025-10-07T17:22:13: 2025-10-07T17:22:13: 
> jbinverters@0.1.0 start
> next start

2025-10-07T17:22:14: 2025-10-07T17:22:14: 2025-10-07T17:22:14: 2025-10-07T17:22:14: 
> jbinverters@0.1.0 start
> next start

2025-10-07T17:22:15: 2025-10-07T17:22:15: 2025-10-07T17:22:15: 2025-10-07T17:22:15: 
> jbinverters@0.1.0 start
> next start

2025-10-07T17:22:16: 2025-10-07T17:22:16: 2025-10-07T17:22:16: 2025-10-07T17:22:16: 
> jbinverters@0.1.0 start
> next start

2025-10-07T17:22:16: 2025-10-07T17:22:16: 2025-10-07T17:22:17: 
> jbinverters@0.1.0 start
> next start

2025-10-07T17:22:17: 2025-10-07T17:22:17: 2025-10-07T17:22:17: 2025-10-07T17:22:17: 
> jbinverters@0.1.0 start
> next start

2025-10-07T17:22:18: 2025-10-07T17:22:18: 2025-10-07T17:22:18: 2025-10-07T17:22:18: 
> jbinverters@0.1.0 start
> next start

2025-10-07T17:22:19: 2025-10-07T17:22:19: 2025-10-07T17:22:19: 2025-10-07T17:22:19: 
> jbinverters@0.1.0 start
> next start

2025-10-07T17:22:20: 2025-10-07T17:22:20: 2025-10-07T17:22:20: 2025-10-07T17:22:20: 
> jbinverters@0.1.0 start
> next start

2025-10-07T17:22:21: 2025-10-07T17:22:21: 2025-10-07T17:22:21: 2025-10-07T17:22:21: 
> jbinverters@0.1.0 start
> next start

2025-10-07T17:22:21: 2025-10-07T17:22:21: 2025-10-07T17:22:21: 2025-10-07T17:22:22: 
> jbinverters@0.1.0 start
> next start

2025-10-07T17:22:22: 2025-10-07T17:22:22: 2025-10-07T17:22:22: 2025-10-07T17:22:22: 
> jbinverters@0.1.0 start
> next start

2025-10-07T17:22:23: 2025-10-07T17:22:23: 2025-10-07T17:22:23: 2025-10-07T17:22:23: 
> jbinverters@0.1.0 start
> next start

2025-10-07T17:22:24: 2025-10-07T17:22:24: 2025-10-07T17:22:24: 
> jbinverters@0.1.0 start
> next start

2025-10-07T17:22:25: 2025-10-07T17:22:25: 2025-10-07T17:22:25: 2025-10-07T17:22:25: 
> jbinverters@0.1.0 start
> next start

2025-10-07T17:22:26: 2025-10-07T17:22:26: 2025-10-07T17:22:26: 2025-10-07T17:22:26: 
> jbinverters@0.1.0 start
> next start

2025-10-07T17:22:26: 2025-10-07T17:22:26: 2025-10-07T17:22:26: 2025-10-07T17:22:27: 
> jbinverters@0.1.0 start
> next start

2025-10-07T17:22:27: 2025-10-07T17:22:27: 2025-10-07T17:22:27: 2025-10-07T17:22:27: 
> jbinverters@0.1.0 start
> next start

2025-10-07T17:22:28: 2025-10-07T17:22:28: 2025-10-07T17:22:28: 2025-10-07T17:22:28: 
> jbinverters@0.1.0 start
> next start

2025-10-07T17:22:29: 2025-10-07T17:22:29: 2025-10-07T17:22:29: 2025-10-07T17:22:29: 
> jbinverters@0.1.0 start
> next start

2025-10-07T17:22:30: 2025-10-07T17:22:30: 2025-10-07T17:22:30: 2025-10-07T17:22:30: 
> jbinverters@0.1.0 start
> next start

2025-10-07T17:22:30: 2025-10-07T17:22:30: 2025-10-07T17:22:31: 
> jbinverters@0.1.0 start
> next start

2025-10-07T17:22:31: 2025-10-07T17:22:31: 2025-10-07T17:22:31: 2025-10-07T17:22:31: 
> jbinverters@0.1.0 start
> next start

2025-10-07T17:22:32: 2025-10-07T17:22:32: 2025-10-07T17:22:32: 2025-10-07T17:22:32: 
> jbinverters@0.1.0 start
> next start

2025-10-07T17:22:33: 2025-10-07T17:22:33: 2025-10-07T17:22:33: 2025-10-07T17:22:33: 
> jbinverters@0.1.0 start
> next start

2025-10-07T17:22:34: 2025-10-07T17:22:34: 2025-10-07T17:22:34: 2025-10-07T17:22:34: 
> jbinverters@0.1.0 start
> next start

2025-10-07T17:22:35: 2025-10-07T17:22:35: 2025-10-07T17:22:35: 2025-10-07T17:22:35: 
> jbinverters@0.1.0 start
> next start

2025-10-07T17:22:35: 2025-10-07T17:22:35: 2025-10-07T17:22:35: 2025-10-07T17:22:36: 
> jbinverters@0.1.0 start
> next start

2025-10-07T17:22:36: 2025-10-07T17:22:36: 2025-10-07T17:22:36: 2025-10-07T17:22:36: 
> jbinverters@0.1.0 start
> next start

2025-10-07T17:22:37: 2025-10-07T17:22:37: 2025-10-07T17:22:37: 2025-10-07T17:22:37: 
> jbinverters@0.1.0 start
> next start

2025-10-07T17:22:38: 2025-10-07T17:22:38: 2025-10-07T17:22:38: 2025-10-07T17:22:38: 
> jbinverters@0.1.0 start
> next start

2025-10-07T17:22:39: 2025-10-07T17:22:39: 2025-10-07T17:22:39: 2025-10-07T17:22:39: 
> jbinverters@0.1.0 start
> next start

2025-10-07T17:22:40: 2025-10-07T17:22:40: 2025-10-07T17:22:40: 2025-10-07T17:22:40: 
> jbinverters@0.1.0 start
> next start

2025-10-07T17:22:40: 2025-10-07T17:22:40: 2025-10-07T17:22:40: 2025-10-07T17:22:41: 
> jbinverters@0.1.0 start
> next start

2025-10-07T17:22:41: 2025-10-07T17:22:41: 2025-10-07T17:22:41: 2025-10-07T17:22:41: 
> jbinverters@0.1.0 start
> next start

2025-10-07T17:22:42: 2025-10-07T17:22:42: 2025-10-07T17:22:42: 2025-10-07T17:22:42: 
> jbinverters@0.1.0 start
> next start

2025-10-07T17:22:43: 2025-10-07T17:22:43: 2025-10-07T17:22:43: 2025-10-07T17:22:43: 
> jbinverters@0.1.0 start
> next start

2025-10-07T17:22:44: 2025-10-07T17:22:44: 2025-10-07T17:22:44: 2025-10-07T17:22:44: 
> jbinverters@0.1.0 start
> next start

2025-10-07T17:22:45: 2025-10-07T17:22:45: 2025-10-07T17:22:45: 2025-10-07T17:22:45: 
> jbinverters@0.1.0 start
> next start

2025-10-07T17:22:45: 2025-10-07T17:22:45: 2025-10-07T17:22:45: 2025-10-07T17:22:46: 
> jbinverters@0.1.0 start
> next start

2025-10-07T17:22:46: 2025-10-07T17:22:46: 2025-10-07T17:22:46: 2025-10-07T17:22:46: 
> jbinverters@0.1.0 start
> next start

2025-10-07T17:22:47: 2025-10-07T17:22:47: 2025-10-07T17:22:47: 2025-10-07T17:22:47: 
> jbinverters@0.1.0 start
> next start

2025-10-07T17:22:48: 2025-10-07T17:22:48: 2025-10-07T17:22:48: 2025-10-07T17:22:48: 
> jbinverters@0.1.0 start
> next start

2025-10-07T17:22:49: 2025-10-07T17:22:49: 2025-10-07T17:22:49: 2025-10-07T17:22:49: 
> jbinverters@0.1.0 start
> next start

2025-10-07T17:22:50: 2025-10-07T17:22:50: 2025-10-07T17:22:50: 
> jbinverters@0.1.0 start
> next start

2025-10-07T17:22:50: 2025-10-07T17:22:50: 2025-10-07T17:22:51: 
> jbinverters@0.1.0 start
> next start

2025-10-07T17:22:51: 2025-10-07T17:22:51: 2025-10-07T17:22:51: 2025-10-07T17:22:51: 
> jbinverters@0.1.0 start
> next start

2025-10-07T17:22:52: 2025-10-07T17:22:52: 2025-10-07T17:22:52: 2025-10-07T17:22:52: 
> jbinverters@0.1.0 start
> next start

2025-10-07T17:22:53: 2025-10-07T17:22:53: 2025-10-07T17:22:53: 2025-10-07T17:22:53: 
> jbinverters@0.1.0 start
> next start

2025-10-07T17:22:54: 2025-10-07T17:22:54: 2025-10-07T17:22:54: 2025-10-07T17:22:54: 
> jbinverters@0.1.0 start
> next start

2025-10-07T17:22:55: 2025-10-07T17:22:55: 2025-10-07T17:22:55: 2025-10-07T17:22:55: 
> jbinverters@0.1.0 start
> next start

2025-10-07T17:22:55: 2025-10-07T17:22:55: 2025-10-07T17:22:55: 2025-10-07T17:22:56: 
> jbinverters@0.1.0 start
> next start

2025-10-07T17:22:56: 2025-10-07T17:22:56: 2025-10-07T17:22:56: 2025-10-07T17:22:56: 
> jbinverters@0.1.0 start
> next start

2025-10-07T17:22:57: 2025-10-07T17:22:57: 2025-10-07T17:22:57: 2025-10-07T17:22:57: 
> jbinverters@0.1.0 start
> next start

2025-10-07T17:22:58: 2025-10-07T17:22:58: 2025-10-07T17:22:58: 2025-10-07T17:22:58: 
> jbinverters@0.1.0 start
> next start

2025-10-07T17:22:59: 2025-10-07T17:22:59: 2025-10-07T17:22:59: 2025-10-07T17:22:59: 
> jbinverters@0.1.0 start
> next start

2025-10-07T17:23:00: 2025-10-07T17:23:00: 2025-10-07T17:23:00: 2025-10-07T17:23:00: 
> jbinverters@0.1.0 start
> next start

2025-10-07T17:23:00: 2025-10-07T17:23:00: 2025-10-07T17:23:00: 2025-10-07T17:23:01: 
> jbinverters@0.1.0 start
> next start

2025-10-07T17:23:01: 2025-10-07T17:23:01: 2025-10-07T17:23:01: 2025-10-07T17:23:01: 
> jbinverters@0.1.0 start
> next start

2025-10-07T17:23:02: 2025-10-07T17:23:02: 2025-10-07T17:23:02: 2025-10-07T17:23:02: 
> jbinverters@0.1.0 start
> next start

2025-10-07T17:23:03: 2025-10-07T17:23:03: 2025-10-07T17:23:03: 
> jbinverters@0.1.0 start
> next start

2025-10-07T17:23:04: 2025-10-07T17:23:04: 2025-10-07T17:23:04: 2025-10-07T17:23:04: 
> jbinverters@0.1.0 start
> next start

2025-10-07T17:23:05: 2025-10-07T17:23:05: 2025-10-07T17:23:05: 2025-10-07T17:23:05: 
> jbinverters@0.1.0 start
> next start

2025-10-07T17:23:05: 2025-10-07T17:23:05: 2025-10-07T17:23:05: 2025-10-07T17:23:06: 
> jbinverters@0.1.0 start
> next start

2025-10-07T17:23:06: 2025-10-07T17:23:06: 2025-10-07T17:23:06: 2025-10-07T17:23:06: 
> jbinverters@0.1.0 start
> next start

2025-10-07T17:23:07: 2025-10-07T17:23:07: 2025-10-07T17:23:07: 2025-10-07T17:23:07: 
> jbinverters@0.1.0 start
> next start

2025-10-07T17:23:08: 2025-10-07T17:23:08: 2025-10-07T17:23:08: 
> jbinverters@0.1.0 start
> next start

2025-10-07T17:23:09: 2025-10-07T17:23:09: 2025-10-07T17:23:09: 2025-10-07T17:23:09: 
> jbinverters@0.1.0 start
> next start

2025-10-07T17:23:10: 2025-10-07T17:23:10: 2025-10-07T17:23:10: 2025-10-07T17:23:10: 
> jbinverters@0.1.0 start
> next start

2025-10-07T17:23:10: 2025-10-07T17:23:10: 2025-10-07T17:23:10: 2025-10-07T17:23:11: 
> jbinverters@0.1.0 start
> next start

2025-10-07T17:23:11: 2025-10-07T17:23:11: 2025-10-07T17:23:11: 2025-10-07T17:23:11: 
> jbinverters@0.1.0 start
> next start

2025-10-07T17:23:12: 2025-10-07T17:23:12: 2025-10-07T17:23:12: 2025-10-07T17:23:12: 
> jbinverters@0.1.0 start
> next start

2025-10-07T17:23:13: 2025-10-07T17:23:13: 2025-10-07T17:23:13: 2025-10-07T17:23:13: 
> jbinverters@0.1.0 start
> next start

2025-10-07T17:23:14: 2025-10-07T17:23:14: 2025-10-07T17:23:14: 2025-10-07T17:23:14: 
> jbinverters@0.1.0 start
> next start

2025-10-07T17:23:15: 2025-10-07T17:23:15: 2025-10-07T17:23:15: 2025-10-07T17:23:15: 
> jbinverters@0.1.0 start
> next start

2025-10-07T17:23:15: 2025-10-07T17:23:15: 2025-10-07T17:23:15: 2025-10-07T17:23:16: 
> jbinverters@0.1.0 start
> next start

2025-10-07T17:23:16: 2025-10-07T17:23:16: 2025-10-07T17:23:16: 2025-10-07T17:23:16: 
> jbinverters@0.1.0 start
> next start

2025-10-07T17:23:17: 2025-10-07T17:23:17: 2025-10-07T17:23:17: 2025-10-07T17:23:17: 
> jbinverters@0.1.0 start
> next start

2025-10-07T17:23:18: 2025-10-07T17:23:18: 2025-10-07T17:23:18: 
> jbinverters@0.1.0 start
> next start

2025-10-07T17:23:19: 2025-10-07T17:23:19: 2025-10-07T17:23:19: 2025-10-07T17:23:19: 
> jbinverters@0.1.0 start
> next start

2025-10-07T17:23:20: 2025-10-07T17:23:20: 2025-10-07T17:23:20: 2025-10-07T17:23:20: 
> jbinverters@0.1.0 start
> next start

2025-10-07T17:23:20: 2025-10-07T17:23:20: 2025-10-07T17:23:20: 2025-10-07T17:23:21: 
> jbinverters@0.1.0 start
> next start

2025-10-07T17:23:21: 2025-10-07T17:23:21: 2025-10-07T17:23:21: 2025-10-07T17:23:21: 
> jbinverters@0.1.0 start
> next start

2025-10-07T17:23:22: 2025-10-07T17:23:22: 2025-10-07T17:23:22: 2025-10-07T17:23:22: 
> jbinverters@0.1.0 start
> next start

2025-10-07T17:23:23: 2025-10-07T17:23:23: 2025-10-07T17:23:23: 2025-10-07T17:23:23: 
> jbinverters@0.1.0 start
> next start

2025-10-07T17:23:24: 2025-10-07T17:23:24: 2025-10-07T17:23:24: 2025-10-07T17:23:24: 
> jbinverters@0.1.0 start
> next start

2025-10-07T17:23:25: 2025-10-07T17:23:25: 2025-10-07T17:23:25: 
> jbinverters@0.1.0 start
> next start

2025-10-07T17:23:25: 2025-10-07T17:23:25: 2025-10-07T17:23:25: 2025-10-07T17:23:26: 
> jbinverters@0.1.0 start
> next start

2025-10-07T17:23:26: 2025-10-07T17:23:26: 2025-10-07T17:23:26: 2025-10-07T17:23:26: 
> jbinverters@0.1.0 start
> next start

2025-10-07T17:23:27: 2025-10-07T17:23:27: 2025-10-07T17:23:27: 2025-10-07T17:23:27: 
> jbinverters@0.1.0 start
> next start

2025-10-07T17:23:28: 2025-10-07T17:23:28: 2025-10-07T17:23:28: 2025-10-07T17:23:28: 
> jbinverters@0.1.0 start
> next start

2025-10-07T17:23:29: 2025-10-07T17:23:29: 2025-10-07T17:23:29: 2025-10-07T17:23:29: 
> jbinverters@0.1.0 start
> next start

2025-10-07T17:23:30: 2025-10-07T17:23:30: 2025-10-07T17:23:30: 
> jbinverters@0.1.0 start
> next start

2025-10-07T17:23:30: 2025-10-07T17:23:30: 2025-10-07T17:23:30: 2025-10-07T17:23:31: 
> jbinverters@0.1.0 start
> next start

2025-10-07T17:23:31: 2025-10-07T17:23:31: 2025-10-07T17:23:31: 2025-10-07T17:23:31: 
> jbinverters@0.1.0 start
> next start

2025-10-07T17:23:32: 2025-10-07T17:23:32: 2025-10-07T17:23:32: 2025-10-07T17:23:32: 
> jbinverters@0.1.0 start
> next start

2025-10-07T17:23:33: 2025-10-07T17:23:33: 2025-10-07T17:23:33: 
> jbinverters@0.1.0 start
> next start

2025-10-07T17:23:34: 2025-10-07T17:23:34: 2025-10-07T17:23:34: 2025-10-07T17:23:34: 
> jbinverters@0.1.0 start
> next start

2025-10-07T17:23:35: 2025-10-07T17:23:35: 2025-10-07T17:23:35: 
> jbinverters@0.1.0 start
> next start

2025-10-07T17:23:35: 2025-10-07T17:23:35: 2025-10-07T17:23:35: 2025-10-07T17:23:36: 
> jbinverters@0.1.0 start
> next start

2025-10-07T17:23:36: 2025-10-07T17:23:36: 2025-10-07T17:23:36: 2025-10-07T17:23:36: 
> jbinverters@0.1.0 start
> next start

2025-10-07T17:23:37: 2025-10-07T17:23:37: 2025-10-07T17:23:37: 2025-10-07T17:23:37: 
> jbinverters@0.1.0 start
> next start

2025-10-07T17:23:38: 2025-10-07T17:23:38: 2025-10-07T17:23:38: 2025-10-07T17:23:38: 
> jbinverters@0.1.0 start
> next start

2025-10-07T17:23:39: 2025-10-07T17:23:39: 2025-10-07T17:23:39: 2025-10-07T17:23:39: 
> jbinverters@0.1.0 start
> next start

2025-10-07T17:23:40: 2025-10-07T17:23:40: 2025-10-07T17:23:40: 2025-10-07T17:23:40: 
> jbinverters@0.1.0 start
> next start

2025-10-07T17:23:40: 2025-10-07T17:23:40: 2025-10-07T17:23:40: 2025-10-07T17:23:41: 
> jbinverters@0.1.0 start
> next start

2025-10-07T17:23:41: 2025-10-07T17:23:41: 2025-10-07T17:23:41: 2025-10-07T17:23:41: 
> jbinverters@0.1.0 start
> next start

2025-10-07T17:23:42: 2025-10-07T17:23:42: 2025-10-07T17:23:42: 2025-10-07T17:23:42: 
> jbinverters@0.1.0 start
> next start

2025-10-07T17:23:43: 2025-10-07T17:23:43: 2025-10-07T17:23:43: 2025-10-07T17:23:43: 
> jbinverters@0.1.0 start
> next start

2025-10-07T17:23:44: 2025-10-07T17:23:44: 2025-10-07T17:23:44: 2025-10-07T17:23:44: 
> jbinverters@0.1.0 start
> next start

2025-10-07T17:23:45: 2025-10-07T17:23:45: 2025-10-07T17:23:45: 2025-10-07T17:23:45: 
> jbinverters@0.1.0 start
> next start

2025-10-07T17:23:45: 2025-10-07T17:23:45: 2025-10-07T17:23:45: 2025-10-07T17:23:46: 
> jbinverters@0.1.0 start
> next start

2025-10-07T17:23:46: 2025-10-07T17:23:46: 2025-10-07T17:23:46: 2025-10-07T17:23:46: 
> jbinverters@0.1.0 start
> next start

2025-10-07T17:23:47: 2025-10-07T17:23:47: 2025-10-07T17:23:47: 2025-10-07T17:23:47: 
> jbinverters@0.1.0 start
> next start

2025-10-07T17:23:48: 2025-10-07T17:23:48: 2025-10-07T17:23:48: 2025-10-07T17:23:48: 
> jbinverters@0.1.0 start
> next start

2025-10-07T17:23:49: 2025-10-07T17:23:49: 2025-10-07T17:23:49: 2025-10-07T17:23:49: 
> jbinverters@0.1.0 start
> next start

2025-10-07T17:23:50: 2025-10-07T17:23:50: 2025-10-07T17:23:50: 2025-10-07T17:23:50: 
> jbinverters@0.1.0 start
> next start

2025-10-07T17:23:50: 2025-10-07T17:23:50: 2025-10-07T17:23:51: 
> jbinverters@0.1.0 start
> next start

2025-10-07T17:23:51: 2025-10-07T17:23:51: 2025-10-07T17:23:51: 2025-10-07T17:23:51: 
> jbinverters@0.1.0 start
> next start

2025-10-07T17:23:52: 2025-10-07T17:23:52: 2025-10-07T17:23:52: 
> jbinverters@0.1.0 start
> next start

2025-10-07T17:23:53: 2025-10-07T17:23:53: 2025-10-07T17:23:53: 
> jbinverters@0.1.0 start
> next start

2025-10-07T17:23:54: 2025-10-07T17:23:54: 2025-10-07T17:23:54: 2025-10-07T17:23:54: 
> jbinverters@0.1.0 start
> next start

2025-10-07T17:23:55: 2025-10-07T17:23:55: 2025-10-07T17:23:55: 2025-10-07T17:23:55: 
> jbinverters@0.1.0 start
> next start

2025-10-07T17:23:55: 2025-10-07T17:23:55: 2025-10-07T17:23:56: 
> jbinverters@0.1.0 start
> next start

2025-10-07T17:23:56: 2025-10-07T17:23:56: 2025-10-07T17:23:56: 2025-10-07T17:23:57: 
> jbinverters@0.1.0 start
> next start

2025-10-07T17:23:57: 2025-10-07T17:23:57: 2025-10-07T17:23:57: 2025-10-07T17:23:57: 
> jbinverters@0.1.0 start
> next start

2025-10-07T17:23:58: 2025-10-07T17:23:58: 2025-10-07T17:23:58: 2025-10-07T17:23:58: 
> jbinverters@0.1.0 start
> next start

2025-10-07T17:23:59: 2025-10-07T17:23:59: 2025-10-07T17:23:59: 2025-10-07T17:23:59: 
> jbinverters@0.1.0 start
> next start

2025-10-07T17:24:00: 2025-10-07T17:24:00: 2025-10-07T17:24:00: 2025-10-07T17:24:00: 
> jbinverters@0.1.0 start
> next start

2025-10-07T17:24:00: 2025-10-07T17:24:00: 2025-10-07T17:24:00: 2025-10-07T17:24:01: 
> jbinverters@0.1.0 start
> next start

2025-10-07T17:24:01: 2025-10-07T17:24:01: 2025-10-07T17:24:02: 
> jbinverters@0.1.0 start
> next start

2025-10-07T17:24:02: 2025-10-07T17:24:02: 2025-10-07T17:24:02: 
> jbinverters@0.1.0 start
> next start

2025-10-07T17:24:03: 2025-10-07T17:24:03: 2025-10-07T17:24:03: 2025-10-07T17:24:03: 
> jbinverters@0.1.0 start
> next start

2025-10-07T17:24:04: 2025-10-07T17:24:04: 2025-10-07T17:24:04: 2025-10-07T17:24:04: 
> jbinverters@0.1.0 start
> next start

2025-10-07T17:24:05: 2025-10-07T17:24:05: 2025-10-07T17:24:05: 2025-10-07T17:24:05: 
> jbinverters@0.1.0 start
> next start

2025-10-07T17:24:05: 2025-10-07T17:24:05: 2025-10-07T17:24:05: 2025-10-07T17:24:06: 
> jbinverters@0.1.0 start
> next start

2025-10-07T17:24:06: 2025-10-07T17:24:06: 2025-10-07T17:24:06: 2025-10-07T17:24:07: 
> jbinverters@0.1.0 start
> next start

2025-10-07T17:24:07: 2025-10-07T17:24:07: 2025-10-07T17:24:07: 2025-10-07T17:24:07: 
> jbinverters@0.1.0 start
> next start

2025-10-07T17:24:08: 2025-10-07T17:24:08: 2025-10-07T17:24:08: 2025-10-07T17:24:08: 
> jbinverters@0.1.0 start
> next start

2025-10-07T17:24:09: 2025-10-07T17:24:09: 2025-10-07T17:24:09: 2025-10-07T17:24:09: 
> jbinverters@0.1.0 start
> next start

2025-10-07T17:24:10: 2025-10-07T17:24:10: 2025-10-07T17:24:10: 
> jbinverters@0.1.0 start
> next start

2025-10-07T17:24:11: 2025-10-07T17:24:11: 2025-10-07T17:24:11: 2025-10-07T17:24:11: 
> jbinverters@0.1.0 start
> next start

2025-10-07T17:24:11: 2025-10-07T17:24:11: 2025-10-07T17:24:11: 2025-10-07T17:24:12: 
> jbinverters@0.1.0 start
> next start

2025-10-07T17:24:12: 2025-10-07T17:24:12: 2025-10-07T17:24:12: 2025-10-07T17:24:12: 
> jbinverters@0.1.0 start
> next start

2025-10-07T17:24:13: 2025-10-07T17:24:13: 2025-10-07T17:24:13: 
> jbinverters@0.1.0 start
> next start

2025-10-07T17:24:14: 2025-10-07T17:24:14: 2025-10-07T17:24:14: 2025-10-07T17:24:14: 
> jbinverters@0.1.0 start
> next start

2025-10-07T17:24:15: 2025-10-07T17:24:15: 2025-10-07T17:24:15: 2025-10-07T17:24:15: 
> jbinverters@0.1.0 start
> next start

2025-10-07T17:24:16: 2025-10-07T17:24:16: 2025-10-07T17:24:16: 
> jbinverters@0.1.0 start
> next start

2025-10-07T17:24:16: 2025-10-07T17:24:16: 2025-10-07T17:24:17: 
> jbinverters@0.1.0 start
> next start

2025-10-07T17:24:17: 2025-10-07T17:24:17: 2025-10-07T17:24:17: 2025-10-07T17:24:17: 
> jbinverters@0.1.0 start
> next start

2025-10-07T17:24:18: 2025-10-07T17:24:18: 2025-10-07T17:24:18: 2025-10-07T17:24:18: 
> jbinverters@0.1.0 start
> next start

2025-10-07T17:24:19: 2025-10-07T17:24:19: 2025-10-07T17:24:19: 2025-10-07T17:24:19: 
> jbinverters@0.1.0 start
> next start

2025-10-07T17:24:20: 2025-10-07T17:24:20: 2025-10-07T17:24:20: 2025-10-07T17:24:20: 
> jbinverters@0.1.0 start
> next start

2025-10-07T17:24:21: 2025-10-07T17:24:21: 2025-10-07T17:24:21: 2025-10-07T17:24:21: 
> jbinverters@0.1.0 start
> next start

2025-10-07T17:24:21: 2025-10-07T17:24:21: 2025-10-07T17:24:21: 2025-10-07T17:24:22: 
> jbinverters@0.1.0 start
> next start

2025-10-07T17:24:22: 2025-10-07T17:24:22: 2025-10-07T17:24:22: 2025-10-07T17:24:22: 
> jbinverters@0.1.0 start
> next start

2025-10-07T17:24:23: 2025-10-07T17:24:23: 2025-10-07T17:24:23: 2025-10-07T17:24:23: 
> jbinverters@0.1.0 start
> next start

2025-10-07T17:24:24: 2025-10-07T17:24:24: 2025-10-07T17:24:24: 2025-10-07T17:24:24: 
> jbinverters@0.1.0 start
> next start

2025-10-07T17:24:25: 2025-10-07T17:24:25: 2025-10-07T17:24:25: 2025-10-07T17:24:25: 
> jbinverters@0.1.0 start
> next start

2025-10-07T17:24:26: 2025-10-07T17:24:26: 2025-10-07T17:24:26: 2025-10-07T17:24:26: 
> jbinverters@0.1.0 start
> next start

2025-10-07T17:24:26: 2025-10-07T17:24:26: 2025-10-07T17:24:26: 2025-10-07T17:24:27: 
> jbinverters@0.1.0 start
> next start

2025-10-07T17:24:27: 2025-10-07T17:24:27: 2025-10-07T17:24:27: 2025-10-07T17:24:27: 
> jbinverters@0.1.0 start
> next start

2025-10-07T17:24:28: 2025-10-07T17:24:28: 2025-10-07T17:24:28: 2025-10-07T17:24:28: 
> jbinverters@0.1.0 start
> next start

2025-10-07T17:24:29: 2025-10-07T17:24:29: 2025-10-07T17:24:29: 2025-10-07T17:24:29: 
> jbinverters@0.1.0 start
> next start

2025-10-07T17:24:30: 2025-10-07T17:24:30: 2025-10-07T17:24:30: 2025-10-07T17:24:30: 
> jbinverters@0.1.0 start
> next start

2025-10-07T17:24:31: 2025-10-07T17:24:31: 2025-10-07T17:24:31: 2025-10-07T17:24:31: 
> jbinverters@0.1.0 start
> next start

2025-10-07T17:24:31: 2025-10-07T17:24:31: 2025-10-07T17:24:31: 2025-10-07T17:24:32: 
> jbinverters@0.1.0 start
> next start

2025-10-07T17:24:32: 2025-10-07T17:24:32: 2025-10-07T17:24:32: 2025-10-07T17:24:32: 
> jbinverters@0.1.0 start
> next start

2025-10-07T17:24:33: 2025-10-07T17:24:33: 2025-10-07T17:24:33: 2025-10-07T17:24:33: 
> jbinverters@0.1.0 start
> next start

2025-10-07T17:24:34: 2025-10-07T17:24:34: 2025-10-07T17:24:34: 2025-10-07T17:24:34: 
> jbinverters@0.1.0 start
> next start

2025-10-07T17:24:35: 2025-10-07T17:24:35: 2025-10-07T17:24:35: 2025-10-07T17:24:35: 
> jbinverters@0.1.0 start
> next start

2025-10-07T17:24:36: 2025-10-07T17:24:36: 2025-10-07T17:24:36: 2025-10-07T17:24:36: 
> jbinverters@0.1.0 start
> next start

2025-10-07T17:24:36: 2025-10-07T17:24:36: 2025-10-07T17:24:37: 
> jbinverters@0.1.0 start
> next start

2025-10-07T17:24:37: 2025-10-07T17:24:37: 2025-10-07T17:24:37: 
> jbinverters@0.1.0 start
> next start

2025-10-07T17:24:38: 2025-10-07T17:24:38: 2025-10-07T17:24:38: 2025-10-07T17:24:38: 
> jbinverters@0.1.0 start
> next start

2025-10-07T17:24:39: 2025-10-07T17:24:39: 2025-10-07T17:24:39: 2025-10-07T17:24:39: 
> jbinverters@0.1.0 start
> next start

2025-10-07T17:24:40: 2025-10-07T17:24:40: 2025-10-07T17:24:40: 2025-10-07T17:24:40: 
> jbinverters@0.1.0 start
> next start

2025-10-07T17:24:41: 2025-10-07T17:24:41: 2025-10-07T17:24:41: 2025-10-07T17:24:41: 
> jbinverters@0.1.0 start
> next start

2025-10-07T17:24:41: 2025-10-07T17:24:41: 2025-10-07T17:24:41: 2025-10-07T17:24:42: 
> jbinverters@0.1.0 start
> next start

2025-10-07T17:24:42: 2025-10-07T17:24:42: 2025-10-07T17:24:42: 2025-10-07T17:24:43: 
> jbinverters@0.1.0 start
> next start

2025-10-07T17:24:43: 2025-10-07T17:24:43: 2025-10-07T17:24:43: 
> jbinverters@0.1.0 start
> next start

2025-10-07T17:24:44: 2025-10-07T17:24:44: 2025-10-07T17:24:44: 2025-10-07T17:24:44: 
> jbinverters@0.1.0 start
> next start

2025-10-07T17:24:45: 2025-10-07T17:24:45: 2025-10-07T17:24:45: 2025-10-07T17:24:45: 
> jbinverters@0.1.0 start
> next start

2025-10-07T17:24:46: 2025-10-07T17:24:46: 2025-10-07T17:24:46: 2025-10-07T17:24:46: 
> jbinverters@0.1.0 start
> next start

2025-10-07T17:24:46: 2025-10-07T17:24:46: 2025-10-07T17:24:46: 2025-10-07T17:24:47: 
> jbinverters@0.1.0 start
> next start

2025-10-07T17:24:47: 2025-10-07T17:24:47: 2025-10-07T17:24:48: 
> jbinverters@0.1.0 start
> next start

2025-10-07T17:24:48: 2025-10-07T17:24:48: 2025-10-07T17:24:48: 2025-10-07T17:24:48: 
> jbinverters@0.1.0 start
> next start

2025-10-07T17:24:49: 2025-10-07T17:24:49: 2025-10-07T17:24:49: 
> jbinverters@0.1.0 start
> next start

2025-10-07T17:24:50: 2025-10-07T17:24:50: 2025-10-07T17:24:50: 2025-10-07T17:24:50: 
> jbinverters@0.1.0 start
> next start

2025-10-07T17:24:51: 2025-10-07T17:24:51: 2025-10-07T17:24:51: 2025-10-07T17:24:51: 
> jbinverters@0.1.0 start
> next start

2025-10-07T17:24:51: 2025-10-07T17:24:51: 2025-10-07T17:24:51: 2025-10-07T17:24:52: 
> jbinverters@0.1.0 start
> next start

2025-10-07T17:24:52: 2025-10-07T17:24:52: 2025-10-07T17:24:52: 2025-10-07T17:24:52: 
> jbinverters@0.1.0 start
> next start

2025-10-07T17:24:53: 2025-10-07T17:24:53: 2025-10-07T17:24:53: 
> jbinverters@0.1.0 start
> next start

2025-10-07T17:24:54: 2025-10-07T17:24:54: 2025-10-07T17:24:54: 
> jbinverters@0.1.0 start
> next start

2025-10-07T17:24:55: 2025-10-07T17:24:55: 2025-10-07T17:24:55: 2025-10-07T17:24:55: 
> jbinverters@0.1.0 start
> next start

2025-10-07T17:24:56: 2025-10-07T17:24:56: 2025-10-07T17:24:56: 
> jbinverters@0.1.0 start
> next start

2025-10-07T17:24:56: 2025-10-07T17:24:56: 2025-10-07T17:24:56: 2025-10-07T17:24:57: 
> jbinverters@0.1.0 start
> next start

2025-10-07T17:24:57: 2025-10-07T17:24:57: 2025-10-07T17:24:57: 2025-10-07T17:24:58: 
> jbinverters@0.1.0 start
> next start

2025-10-07T17:24:58: 2025-10-07T17:24:58: 2025-10-07T17:24:58: 2025-10-07T17:24:58: 
> jbinverters@0.1.0 start
> next start

2025-10-07T17:24:59: 2025-10-07T17:24:59: 2025-10-07T17:24:59: 2025-10-07T17:24:59: 
> jbinverters@0.1.0 start
> next start

2025-10-07T17:25:00: 2025-10-07T17:25:00: 2025-10-07T17:25:00: 
> jbinverters@0.1.0 start
> next start

2025-10-07T17:25:01: 2025-10-07T17:25:01: 2025-10-07T17:25:01: 
> jbinverters@0.1.0 start
> next start

2025-10-07T17:25:02: 2025-10-07T17:25:02: 2025-10-07T17:25:02: 2025-10-07T17:25:02: 
> jbinverters@0.1.0 start
> next start

2025-10-07T17:25:02: 2025-10-07T17:25:02: 2025-10-07T17:25:02: 2025-10-07T17:25:03: 
> jbinverters@0.1.0 start
> next start

2025-10-07T17:25:03: 2025-10-07T17:25:03: 2025-10-07T17:25:03: 2025-10-07T17:25:03: 
> jbinverters@0.1.0 start
> next start

2025-10-07T17:25:04: 2025-10-07T17:25:04: 2025-10-07T17:25:04: 2025-10-07T17:25:04: 
> jbinverters@0.1.0 start
> next start

2025-10-07T17:25:05: 2025-10-07T17:25:05: 2025-10-07T17:25:05: 2025-10-07T17:25:05: 
> jbinverters@0.1.0 start
> next start

2025-10-07T17:25:06: 2025-10-07T17:25:06: 2025-10-07T17:25:06: 
> jbinverters@0.1.0 start
> next start

2025-10-07T17:25:07: 2025-10-07T17:25:07: 2025-10-07T17:25:07: 
> jbinverters@0.1.0 start
> next start

2025-10-07T17:25:07: 2025-10-07T17:25:07: 2025-10-07T17:25:07: 2025-10-07T17:25:08: 
> jbinverters@0.1.0 start
> next start

2025-10-07T17:25:08: 2025-10-07T17:25:08: 2025-10-07T17:25:08: 2025-10-07T17:25:08: 
> jbinverters@0.1.0 start
> next start

2025-10-07T17:25:09: 2025-10-07T17:25:09: 2025-10-07T17:25:09: 2025-10-07T17:25:09: 
> jbinverters@0.1.0 start
> next start

2025-10-07T17:25:10: 2025-10-07T17:25:10: 2025-10-07T17:25:10: 2025-10-07T17:25:10: 
> jbinverters@0.1.0 start
> next start

2025-10-07T17:25:11: 2025-10-07T17:25:11: 2025-10-07T17:25:11: 2025-10-07T17:25:11: 
> jbinverters@0.1.0 start
> next start

2025-10-07T17:25:12: 2025-10-07T17:25:12: 2025-10-07T17:25:12: 2025-10-07T17:25:12: 
> jbinverters@0.1.0 start
> next start

2025-10-07T17:25:12: 2025-10-07T17:25:12: 2025-10-07T17:25:12: 2025-10-07T17:25:13: 
> jbinverters@0.1.0 start
> next start

2025-10-07T17:25:13: 2025-10-07T17:25:13: 2025-10-07T17:25:13: 
> jbinverters@0.1.0 start
> next start

2025-10-07T17:25:14: 2025-10-07T17:25:14: 2025-10-07T17:25:14: 2025-10-07T17:25:14: 
> jbinverters@0.1.0 start
> next start

2025-10-07T17:25:15: 2025-10-07T17:25:15: 2025-10-07T17:25:15: 2025-10-07T17:25:15: 
> jbinverters@0.1.0 start
> next start

2025-10-07T17:25:16: 2025-10-07T17:25:16: 2025-10-07T17:25:16: 
> jbinverters@0.1.0 start
> next start

2025-10-07T17:25:17: 2025-10-07T17:25:17: 2025-10-07T17:25:17: 2025-10-07T17:25:17: 
> jbinverters@0.1.0 start
> next start

2025-10-07T17:25:17: 2025-10-07T17:25:17: 2025-10-07T17:25:17: 2025-10-07T17:25:18: 
> jbinverters@0.1.0 start
> next start

2025-10-07T17:25:18: 2025-10-07T17:25:18: 2025-10-07T17:25:18: 
> jbinverters@0.1.0 start
> next start

2025-10-07T17:25:19: 2025-10-07T17:25:19: 2025-10-07T17:25:19: 2025-10-07T17:25:19: 
> jbinverters@0.1.0 start
> next start

2025-10-07T17:25:20: 2025-10-07T17:25:20: 2025-10-07T17:25:20: 2025-10-07T17:25:20: 
> jbinverters@0.1.0 start
> next start

2025-10-07T17:25:21: 2025-10-07T17:25:21: 2025-10-07T17:25:21: 
> jbinverters@0.1.0 start
> next start

2025-10-07T17:25:22: 2025-10-07T17:25:22: 2025-10-07T17:25:22: 
> jbinverters@0.1.0 start
> next start

2025-10-07T17:25:22: 2025-10-07T17:25:22: 2025-10-07T17:25:22: 2025-10-07T17:25:23: 
> jbinverters@0.1.0 start
> next start

2025-10-07T17:25:23: 2025-10-07T17:25:23: 2025-10-07T17:25:23: 2025-10-07T17:25:23: 
> jbinverters@0.1.0 start
> next start

2025-10-07T17:25:24: 2025-10-07T17:25:24: 2025-10-07T17:25:24: 2025-10-07T17:25:24: 
> jbinverters@0.1.0 start
> next start

2025-10-07T17:25:25: 2025-10-07T17:25:25: 2025-10-07T17:25:25: 2025-10-07T17:25:25: 
> jbinverters@0.1.0 start
> next start

2025-10-07T17:25:26: 2025-10-07T17:25:26: 2025-10-07T17:25:26: 2025-10-07T17:25:26: 
> jbinverters@0.1.0 start
> next start

2025-10-07T17:25:27: 2025-10-07T17:25:27: 2025-10-07T17:25:27: 2025-10-07T17:25:27: 
> jbinverters@0.1.0 start
> next start

2025-10-07T17:25:28: 2025-10-07T17:25:28: 2025-10-07T17:25:28: 2025-10-07T17:25:28: 
> jbinverters@0.1.0 start
> next start

2025-10-07T17:25:29: 2025-10-07T17:25:29: 2025-10-07T17:25:29: 
> jbinverters@0.1.0 start
> next start

2025-10-07T17:25:30: 2025-10-07T17:25:30: 2025-10-07T17:25:30: 2025-10-07T17:25:30: 
> jbinverters@0.1.0 start
> next start

2025-10-07T17:25:30: 2025-10-07T17:25:30: 2025-10-07T17:25:31: 
> jbinverters@0.1.0 start
> next start

2025-10-07T17:25:31: 2025-10-07T17:25:31: 2025-10-07T17:25:31: 2025-10-07T17:25:32: 
> jbinverters@0.1.0 start
> next start

2025-10-07T17:25:32: 2025-10-07T17:25:32: 2025-10-07T17:25:32: 2025-10-07T17:25:33: 
> jbinverters@0.1.0 start
> next start

2025-10-07T17:25:33: 2025-10-07T17:25:33: 2025-10-07T17:25:33: 2025-10-07T17:25:33: 
> jbinverters@0.1.0 start
> next start

2025-10-07T17:25:34: 2025-10-07T17:25:34: 2025-10-07T17:25:34: 
> jbinverters@0.1.0 start
> next start

2025-10-07T17:25:35: 2025-10-07T17:25:35: 2025-10-07T17:25:35: 2025-10-07T17:25:35: 
> jbinverters@0.1.0 start
> next start

